+ SANDER_MIN=pmemd
+ SANDER=pmemd.cuda
+ PDB=1lst_T121K_solv
+ printf '\nstart min\n\n'
+ pmemd -O -i 02_min.in -o 02_min.out -p 1lst_T121K_solv.prmtop -c 1lst_T121K_solv.inpcrd -r 02_min.rst
           0
+ printf '\ndone min\n\n'
+ printf '\nstart restrained system heat in\n\n'
+ pmemd.cuda -O -i 03_eq1.in -o 03_eq1.out -p 1lst_T121K_solv.prmtop -c 02_min.rst -r 03_eq1.rst -ref 02_min.rst
Note: The following floating-point exceptions are signalling: IEEE_UNDERFLOW_FLAG IEEE_DENORMAL
           0
+ printf '\ndone restrained system heat in\n\n'
+ printf '\nstart restrained equil\n\n'
+ pmemd.cuda -O -i 04_eq2.in -o 04_eq2.out -p 1lst_T121K_solv.prmtop -c 03_eq1.rst -r 04_eq2.rst -ref 03_eq1.rst
Note: The following floating-point exceptions are signalling: IEEE_UNDERFLOW_FLAG IEEE_DENORMAL
           0
+ printf '\ndone restrained equil\n\n'
+ printf '\nstart unrestrained equil\n\n'
+ pmemd.cuda -O -i 05_eq3.in -o 05_eq3.out -p 1lst_T121K_solv.prmtop -c 04_eq2.rst -r 05_eq3.rst
Note: The following floating-point exceptions are signalling: IEEE_UNDERFLOW_FLAG IEEE_DENORMAL
           0
+ printf '\ndone unrestrained equil\n\n'
+ printf '\nSUBMITTING PROD RUN\n'
+ sbatch h2p_1gpu_prod_06.slurm
