-I: Adding /software/rhel9/manual/install/amber/amber24/amber24/dat/leap/prep to search path.
-I: Adding /software/rhel9/manual/install/amber/amber24/amber24/dat/leap/lib to search path.
-I: Adding /software/rhel9/manual/install/amber/amber24/amber24/dat/leap/parm to search path.
-I: Adding /software/rhel9/manual/install/amber/amber24/amber24/dat/leap/cmd to search path.
-f: Source tleap.in.

Welcome to LEaP!
(no leaprc in search path)
Sourcing: ./tleap.in
----- Source: /software/rhel9/manual/install/amber/amber24/amber24/dat/leap/cmd/leaprc.protein.ff19SB
----- Source of /software/rhel9/manual/install/amber/amber24/amber24/dat/leap/cmd/leaprc.protein.ff19SB done
Log file: ./leap.log
Loading parameters: /software/rhel9/manual/install/amber/amber24/amber24/dat/leap/parm/parm19.dat
Reading title:
PARM99 + frcmod.ff99SB + frcmod.parmbsc0 + OL3 for RNA + ff19SB
Loading parameters: /software/rhel9/manual/install/amber/amber24/amber24/dat/leap/parm/frcmod.ff19SB
Reading force field modification type file (frcmod)
Reading title:
ff19SB AA-specific backbone CMAPs for protein 07/25/2019
Loading library: /software/rhel9/manual/install/amber/amber24/amber24/dat/leap/lib/amino19.lib
Loading library: /software/rhel9/manual/install/amber/amber24/amber24/dat/leap/lib/aminoct12.lib
Loading library: /software/rhel9/manual/install/amber/amber24/amber24/dat/leap/lib/aminont12.lib
----- Source: /software/rhel9/manual/install/amber/amber24/amber24/dat/leap/cmd/leaprc.gaff2
----- Source of /software/rhel9/manual/install/amber/amber24/amber24/dat/leap/cmd/leaprc.gaff2 done
Log file: ./leap.log
Loading parameters: /software/rhel9/manual/install/amber/amber24/amber24/dat/leap/parm/gaff2.dat
Reading title:
AMBER General Force Field for organic molecules (Version 2.2.20, March 2021)
----- Source: /software/rhel9/manual/install/amber/amber24/amber24/dat/leap/cmd/leaprc.water.opc
----- Source of /software/rhel9/manual/install/amber/amber24/amber24/dat/leap/cmd/leaprc.water.opc done
Loading library: /software/rhel9/manual/install/amber/amber24/amber24/dat/leap/lib/atomic_ions.lib
Loading library: /software/rhel9/manual/install/amber/amber24/amber24/dat/leap/lib/solvents.lib
Loading parameters: /software/rhel9/manual/install/amber/amber24/amber24/dat/leap/parm/frcmod.opc
Reading force field modification type file (frcmod)
Reading title:
Parameters for OPC water (JPCL, 2014, 5 (21), pp 3863-3871)
Loading parameters: /software/rhel9/manual/install/amber/amber24/amber24/dat/leap/parm/frcmod.ionslm_126_opc
Reading force field modification type file (frcmod)
Reading title:
Li/Merz ion parameters of atomic ions for the OPC water model (12-6 set)
Loading Prep file: ../restop/HIC.prepi
Loading Prep file: ../restop/NTA.prepi
Loading parameters: ../restop/HIC.frcmod2
Reading force field modification type file (frcmod)
Reading title:
Remark line goes here
Loading parameters: ../restop/NTA.frcmod2
Reading force field modification type file (frcmod)
Reading title:
Remark line goes here
Loading PDB file: ./1lst_T121K.pdb
+Currently only Sp3-Sp3/Sp3-Sp2/Sp2-Sp2 are supported
+---Tried to superimpose torsions for: *-C1-N1-*
+--- With Sp2 - Sp0
+--- Sp0 probably means a new atom type is involved
+--- which needs to be added via addAtomTypes
+Currently only Sp3-Sp3/Sp3-Sp2/Sp2-Sp2 are supported
+---Tried to superimpose torsions for: *-C3-N1-*
+--- With Sp2 - Sp0
+--- Sp0 probably means a new atom type is involved
+--- which needs to be added via addAtomTypes
+Currently only Sp3-Sp3/Sp3-Sp2/Sp2-Sp2 are supported
+---Tried to superimpose torsions for: *-C11-O3-*
+--- With Sp2 - Sp0
+--- Sp0 probably means a new atom type is involved
+--- which needs to be added via addAtomTypes
+Currently only Sp3-Sp3/Sp3-Sp2/Sp2-Sp2 are supported
+---Tried to superimpose torsions for: *-C14-O6-*
+--- With Sp2 - Sp0
+--- Sp0 probably means a new atom type is involved
+--- which needs to be added via addAtomTypes
+Currently only Sp3-Sp3/Sp3-Sp2/Sp2-Sp2 are supported
+---Tried to superimpose torsions for: *-C9-O1-*
+--- With Sp2 - Sp0
+--- Sp0 probably means a new atom type is involved
+--- which needs to be added via addAtomTypes
+Currently only Sp3-Sp3/Sp3-Sp2/Sp2-Sp2 are supported
+---Tried to superimpose torsions for: *-C7-N5-*
+--- With Sp3 - Sp0
+--- Sp0 probably means a new atom type is involved
+--- which needs to be added via addAtomTypes
+Currently only Sp3-Sp3/Sp3-Sp2/Sp2-Sp2 are supported
+---Tried to superimpose torsions for: *-C8-N5-*
+--- With Sp3 - Sp0
+--- Sp0 probably means a new atom type is involved
+--- which needs to be added via addAtomTypes
+Currently only Sp3-Sp3/Sp3-Sp2/Sp2-Sp2 are supported
+---Tried to superimpose torsions for: *-C10-N5-*
+--- With Sp3 - Sp0
+--- Sp0 probably means a new atom type is involved
+--- which needs to be added via addAtomTypes
+Currently only Sp3-Sp3/Sp3-Sp2/Sp2-Sp2 are supported
+---Tried to superimpose torsions for: *-C4-N4-*
+--- With Sp2 - Sp0
+--- Sp0 probably means a new atom type is involved
+--- which needs to be added via addAtomTypes
+Currently only Sp3-Sp3/Sp3-Sp2/Sp2-Sp2 are supported
+---Tried to superimpose torsions for: *-C6-N4-*
+--- With Sp2 - Sp0
+--- Sp0 probably means a new atom type is involved
+--- which needs to be added via addAtomTypes
+Currently only Sp3-Sp3/Sp3-Sp2/Sp2-Sp2 are supported
+---Tried to superimpose torsions for: *-Cu1-N4-*
+--- With Sp0 - Sp0
+--- Sp0 probably means a new atom type is involved
+--- which needs to be added via addAtomTypes
+Currently only Sp3-Sp3/Sp3-Sp2/Sp2-Sp2 are supported
+---Tried to superimpose torsions for: *-Cu1-N5-*
+--- With Sp0 - Sp0
+--- Sp0 probably means a new atom type is involved
+--- which needs to be added via addAtomTypes
+Currently only Sp3-Sp3/Sp3-Sp2/Sp2-Sp2 are supported
+---Tried to superimpose torsions for: *-Cu1-N1-*
+--- With Sp0 - Sp0
+--- Sp0 probably means a new atom type is involved
+--- which needs to be added via addAtomTypes
+Currently only Sp3-Sp3/Sp3-Sp2/Sp2-Sp2 are supported
+---Tried to superimpose torsions for: *-Cu1-O1-*
+--- With Sp0 - Sp0
+--- Sp0 probably means a new atom type is involved
+--- which needs to be added via addAtomTypes
+Currently only Sp3-Sp3/Sp3-Sp2/Sp2-Sp2 are supported
+---Tried to superimpose torsions for: *-Cu1-O6-*
+--- With Sp0 - Sp0
+--- Sp0 probably means a new atom type is involved
+--- which needs to be added via addAtomTypes
+Currently only Sp3-Sp3/Sp3-Sp2/Sp2-Sp2 are supported
+---Tried to superimpose torsions for: *-Cu1-O3-*
+--- With Sp0 - Sp0
+--- Sp0 probably means a new atom type is involved
+--- which needs to be added via addAtomTypes
+Currently only Sp3-Sp3/Sp3-Sp2/Sp2-Sp2 are supported
+---Tried to superimpose torsions for: *-C1-N1-*
+--- With Sp2 - Sp0
+--- Sp0 probably means a new atom type is involved
+--- which needs to be added via addAtomTypes
+Currently only Sp3-Sp3/Sp3-Sp2/Sp2-Sp2 are supported
+---Tried to superimpose torsions for: *-C3-N1-*
+--- With Sp2 - Sp0
+--- Sp0 probably means a new atom type is involved
+--- which needs to be added via addAtomTypes
+Currently only Sp3-Sp3/Sp3-Sp2/Sp2-Sp2 are supported
+---Tried to superimpose torsions for: *-C11-O3-*
+--- With Sp2 - Sp0
+--- Sp0 probably means a new atom type is involved
+--- which needs to be added via addAtomTypes
+Currently only Sp3-Sp3/Sp3-Sp2/Sp2-Sp2 are supported
+---Tried to superimpose torsions for: *-C14-O6-*
+--- With Sp2 - Sp0
+--- Sp0 probably means a new atom type is involved
+--- which needs to be added via addAtomTypes
+Currently only Sp3-Sp3/Sp3-Sp2/Sp2-Sp2 are supported
+---Tried to superimpose torsions for: *-C9-O1-*
+--- With Sp2 - Sp0
+--- Sp0 probably means a new atom type is involved
+--- which needs to be added via addAtomTypes
+Currently only Sp3-Sp3/Sp3-Sp2/Sp2-Sp2 are supported
+---Tried to superimpose torsions for: *-C7-N5-*
+--- With Sp3 - Sp0
+--- Sp0 probably means a new atom type is involved
+--- which needs to be added via addAtomTypes
+Currently only Sp3-Sp3/Sp3-Sp2/Sp2-Sp2 are supported
+---Tried to superimpose torsions for: *-C8-N5-*
+--- With Sp3 - Sp0
+--- Sp0 probably means a new atom type is involved
+--- which needs to be added via addAtomTypes
+Currently only Sp3-Sp3/Sp3-Sp2/Sp2-Sp2 are supported
+---Tried to superimpose torsions for: *-C10-N5-*
+--- With Sp3 - Sp0
+--- Sp0 probably means a new atom type is involved
+--- which needs to be added via addAtomTypes
+Currently only Sp3-Sp3/Sp3-Sp2/Sp2-Sp2 are supported
+---Tried to superimpose torsions for: *-C4-N4-*
+--- With Sp2 - Sp0
+--- Sp0 probably means a new atom type is involved
+--- which needs to be added via addAtomTypes
+Currently only Sp3-Sp3/Sp3-Sp2/Sp2-Sp2 are supported
+---Tried to superimpose torsions for: *-C6-N4-*
+--- With Sp2 - Sp0
+--- Sp0 probably means a new atom type is involved
+--- which needs to be added via addAtomTypes
+Currently only Sp3-Sp3/Sp3-Sp2/Sp2-Sp2 are supported
+---Tried to superimpose torsions for: *-Cu1-N4-*
+--- With Sp0 - Sp0
+--- Sp0 probably means a new atom type is involved
+--- which needs to be added via addAtomTypes
+Currently only Sp3-Sp3/Sp3-Sp2/Sp2-Sp2 are supported
+---Tried to superimpose torsions for: *-Cu1-N5-*
+--- With Sp0 - Sp0
+--- Sp0 probably means a new atom type is involved
+--- which needs to be added via addAtomTypes
+Currently only Sp3-Sp3/Sp3-Sp2/Sp2-Sp2 are supported
+---Tried to superimpose torsions for: *-Cu1-N1-*
+--- With Sp0 - Sp0
+--- Sp0 probably means a new atom type is involved
+--- which needs to be added via addAtomTypes
+Currently only Sp3-Sp3/Sp3-Sp2/Sp2-Sp2 are supported
+---Tried to superimpose torsions for: *-Cu1-O1-*
+--- With Sp0 - Sp0
+--- Sp0 probably means a new atom type is involved
+--- which needs to be added via addAtomTypes
+Currently only Sp3-Sp3/Sp3-Sp2/Sp2-Sp2 are supported
+---Tried to superimpose torsions for: *-Cu1-O6-*
+--- With Sp0 - Sp0
+--- Sp0 probably means a new atom type is involved
+--- which needs to be added via addAtomTypes
+Currently only Sp3-Sp3/Sp3-Sp2/Sp2-Sp2 are supported
+---Tried to superimpose torsions for: *-Cu1-O3-*
+--- With Sp0 - Sp0
+--- Sp0 probably means a new atom type is involved
+--- which needs to be added via addAtomTypes
  total atoms in file: 3703
Scaling up box by a factor of 1.230991 to meet diagonal cut criterion
  Solute vdw bounding box:              39.558 60.904 43.156
  Total bounding box for atom centers:  96.603 96.603 96.603
      (box expansion for 'iso' is  57.3%)
  Solvent unit box:                     18.865 18.478 19.006
  Volume: 464898.571 A^3 (oct)
  Total mass 254308.076 amu,  Density 0.908 g/cc
  Added 12636 residues.
4 Na+ ions required to neutralize.
Adding 4 counter ions to "mol" using 1A grid
Grid extends from solute vdw + 1.47  to  7.68
Resolution:      1.00 Angstrom.
Calculating grid charges
Placed Na+ in mol at (2.49, -2.24, 1.42).
Placed Na+ in mol at (22.49, -2.24, -12.58).
Placed Na+ in mol at (16.49, -15.24, -6.58).
Placed Na+ in mol at (-14.51, 10.76, 0.42).

Done adding ions.
Checking 'mol'....

/software/rhel9/manual/install/amber/amber24/amber24/bin/teLeap: Warning!
Close contact of 1.331 angstroms between nonbonded atoms HG1 and HB2
-------  .R<THR 13>.A<HG1 12> and .R<ASN 142>.A<HB2 6>

/software/rhel9/manual/install/amber/amber24/amber24/bin/teLeap: Warning!
Close contact of 1.066 angstroms between nonbonded atoms HG and HG
-------  .R<CYS 38>.A<HG 9> and .R<CYS 45>.A<HG 9>

/software/rhel9/manual/install/amber/amber24/amber24/bin/teLeap: Warning!
Close contact of 0.924 angstroms between nonbonded atoms SG and HG
-------  .R<CYS 38>.A<SG 8> and .R<CYS 45>.A<HG 9>

/software/rhel9/manual/install/amber/amber24/amber24/bin/teLeap: Warning!
Close contact of 0.977 angstroms between nonbonded atoms HA and H12
-------  .R<HIC 56>.A<HA 4> and .R<NTA 239>.A<H12 9>

/software/rhel9/manual/install/amber/amber24/amber24/bin/teLeap: Warning!
Close contact of 1.402 angstroms between nonbonded atoms CA and H13
-------  .R<HIC 56>.A<CA 3> and .R<NTA 239>.A<H13 10>

/software/rhel9/manual/install/amber/amber24/amber24/bin/teLeap: Warning!
Close contact of 0.509 angstroms between nonbonded atoms CA and H12
-------  .R<HIC 56>.A<CA 3> and .R<NTA 239>.A<H12 9>

/software/rhel9/manual/install/amber/amber24/amber24/bin/teLeap: Warning!
Close contact of 1.182 angstroms between nonbonded atoms H and H13
-------  .R<HIC 56>.A<H 2> and .R<NTA 239>.A<H13 10>

/software/rhel9/manual/install/amber/amber24/amber24/bin/teLeap: Warning!
Close contact of 1.211 angstroms between nonbonded atoms N and H13
-------  .R<HIC 56>.A<N 1> and .R<NTA 239>.A<H13 10>

/software/rhel9/manual/install/amber/amber24/amber24/bin/teLeap: Warning!
Close contact of 1.149 angstroms between nonbonded atoms H and HG
-------  .R<GLN 103>.A<H 2> and .R<SER 108>.A<HG 9>

/software/rhel9/manual/install/amber/amber24/amber24/bin/teLeap: Warning!
Close contact of 0.981 angstroms between nonbonded atoms HD2 and H
-------  .R<LYS 121>.A<HD2 12> and .R<LYS 121>.A<H 2>

/software/rhel9/manual/install/amber/amber24/amber24/bin/teLeap: Warning!
Close contact of 1.338 angstroms between nonbonded atoms C and H12
-------  .R<HIC 144>.A<C 5> and .R<NTA 240>.A<H12 9>

/software/rhel9/manual/install/amber/amber24/amber24/bin/teLeap: Warning!
Close contact of 1.155 angstroms between nonbonded atoms CA and H12
-------  .R<HIC 144>.A<CA 3> and .R<NTA 240>.A<H12 9>

/software/rhel9/manual/install/amber/amber24/amber24/bin/teLeap: Warning!
Close contact of 1.197 angstroms between nonbonded atoms C and H9
-------  .R<HIC 148>.A<C 5> and .R<NTA 240>.A<H9 39>

/software/rhel9/manual/install/amber/amber24/amber24/bin/teLeap: Warning!
Close contact of 1.286 angstroms between nonbonded atoms HA and H9
-------  .R<HIC 148>.A<HA 4> and .R<NTA 240>.A<H9 39>

/software/rhel9/manual/install/amber/amber24/amber24/bin/teLeap: Warning!
Close contact of 0.374 angstroms between nonbonded atoms CA and H9
-------  .R<HIC 148>.A<CA 3> and .R<NTA 240>.A<H9 39>
Checking parameters for unit 'mol'.
Checking for bond parameters.
Checking for angle parameters.
check:  Warnings: 37923
Unit is OK.
Checking Unit.

/software/rhel9/manual/install/amber/amber24/amber24/bin/teLeap: Note.
Ignoring the warnings from Unit Checking.

Building topology.
Building atom parameters.
Building bond parameters.
Building angle parameters.
Building proper torsion parameters.
Building improper torsion parameters.
old PREP-specified impropers:
 <HIC 56>:  -M   CA   N    H   
 <HIC 56>:  CA   +M   C    O   
 <HIC 60>:  -M   CA   N    H   
 <HIC 60>:  CA   +M   C    O   
 <HIC 144>:  -M   CA   N    H   
 <HIC 144>:  CA   +M   C    O   
 <HIC 148>:  -M   CA   N    H   
 <HIC 148>:  CA   +M   C    O   
 <NTA 239>:  C6   C4   N4   Cu1 
 <NTA 239>:  H5   N4   C4   N3  
 <NTA 239>:  C5   C4   N3   H8  
 <NTA 239>:  C6   C13  C5   N3  
 <NTA 239>:  C5   H2   C6   N4  
 <NTA 239>:  C7   O1   C9   O4  
 <NTA 239>:  C8   O5   C14  O6  
 <NTA 239>:  C10  O2   C11  O3  
 <NTA 239>:  C3   C1   N1   Cu1 
 <NTA 239>:  H16  N1   C1   N2  
 <NTA 239>:  C2   C1   N2   H15 
 <NTA 239>:  C3   C12  C2   N2  
 <NTA 239>:  C2   H1   C3   N1  
 <NTA 240>:  C6   C4   N4   Cu1 
 <NTA 240>:  H5   N4   C4   N3  
 <NTA 240>:  C5   C4   N3   H8  
 <NTA 240>:  C6   C13  C5   N3  
 <NTA 240>:  C5   H2   C6   N4  
 <NTA 240>:  C7   O1   C9   O4  
 <NTA 240>:  C8   O5   C14  O6  
 <NTA 240>:  C10  O2   C11  O3  
 <NTA 240>:  C3   C1   N1   Cu1 
 <NTA 240>:  H16  N1   C1   N2  
 <NTA 240>:  C2   C1   N2   H15 
 <NTA 240>:  C3   C12  C2   N2  
 <NTA 240>:  C2   H1   C3   N1  
 total 743 improper torsions applied
 34 improper torsions in old prep form
Building H-Bond parameters.
Incorporating Non-Bonded adjustments.
Not Marking per-residue atom chain types.
Marking per-residue atom chain types.
  (Residues lacking connect0/connect1 - 
   these don't have chain types marked:

	res	total affected

	CASP	1
	NALA	1
  )
 (no restraints)
Writing pdb file: 1lst_T121K_solv.pdb
   printing CRYST1 record to PDB file with box info

/software/rhel9/manual/install/amber/amber24/amber24/bin/teLeap: Warning!
 Converting N-terminal residue name to PDB format: NALA -> ALA

/software/rhel9/manual/install/amber/amber24/amber24/bin/teLeap: Warning!
 Converting C-terminal residue name to PDB format: CASP -> ASP
	Quit

Exiting LEaP: Errors = 0; Warnings = 17; Notes = 1.
